<?xml version="1.0" encoding="UTF-8"?>
<testng-results ignored="0" total="1" passed="1" failed="0" skipped="0">
  <reporter-output>
  </reporter-output>
  <suite started-at="2024-12-30T13:51:48 IST" name="Default suite" finished-at="2024-12-30T13:52:36 IST" duration-ms="48459">
    <groups>
    </groups>
    <test started-at="2024-12-30T13:51:48 IST" name="Default test" finished-at="2024-12-30T13:52:36 IST" duration-ms="48459">
      <class name="TestRunner.FlipkartTest">
        <test-method is-config="true" signature="setup()[pri:0, instance:TestRunner.FlipkartTest@6cd28fa7]" started-at="2024-12-30T13:51:48 IST" name="setup" finished-at="2024-12-30T13:51:53 IST" duration-ms="5209" status="PASS">
          <reporter-output>
          </reporter-output>
        </test-method> <!-- setup -->
        <test-method signature="test()[pri:0, instance:TestRunner.FlipkartTest@6cd28fa7]" started-at="2024-12-30T13:51:53 IST" name="test" finished-at="2024-12-30T13:52:36 IST" duration-ms="43191" status="PASS">
          <reporter-output>
          </reporter-output>
        </test-method> <!-- test -->
      </class> <!-- TestRunner.FlipkartTest -->
    </test> <!-- Default test -->
  </suite> <!-- Default suite -->
</testng-results>
